<?xml version="1.0" encoding="UTF-8"?>
<testng-results ignored="0" total="5" passed="5" failed="0" skipped="0">
  <reporter-output>
  </reporter-output>
  <suite started-at="2024-07-25T19:39:45 IST" name="Flights Application" finished-at="2024-07-25T19:40:26 IST" duration-ms="41603">
    <groups>
    </groups>
    <test started-at="2024-07-25T19:39:45 IST" name="New User Registeration" finished-at="2024-07-25T19:39:49 IST" duration-ms="4079">
      <class name="Flights.TestCases.Test_New_User_Registeration">
        <test-method signature="newUserRegisteration(java.lang.String,java.lang.String,java.lang.String,java.lang.String,java.lang.String)[pri:0, instance:Flights.TestCases.Test_New_User_Registeration@25641d39]" started-at="2024-07-25T19:39:45 IST" name="newUserRegisteration" finished-at="2024-07-25T19:39:49 IST" duration-ms="3987" status="PASS">
          <params>
            <param index="0">
              <value>
                <![CDATA[Hemanth Kumar B]]>
              </value>
            </param>
            <param index="1">
              <value>
                <![CDATA[7661960443]]>
              </value>
            </param>
            <param index="2">
              <value>
                <![CDATA[bottahemanthkumar@gmail.com]]>
              </value>
            </param>
            <param index="3">
              <value>
                <![CDATA[demo]]>
              </value>
            </param>
            <param index="4">
              <value>
                <![CDATA[09-03-1998]]>
              </value>
            </param>
          </params>
          <reporter-output>
          </reporter-output>
        </test-method> <!-- newUserRegisteration -->
      </class> <!-- Flights.TestCases.Test_New_User_Registeration -->
    </test> <!-- New User Registeration -->
    <test started-at="2024-07-25T19:39:49 IST" name="User Login with Valid Data" finished-at="2024-07-25T19:39:56 IST" duration-ms="6523">
      <class name="Flights.TestCases.User_Login_Test_with_Valid_Data">
        <test-method signature="testAdminLogin(java.lang.String,java.lang.String)[pri:0, instance:Flights.TestCases.User_Login_Test_with_Valid_Data@470734c3]" started-at="2024-07-25T19:39:49 IST" name="testAdminLogin" finished-at="2024-07-25T19:39:56 IST" duration-ms="6516" status="PASS">
          <params>
            <param index="0">
              <value>
                <![CDATA[bottahemanthkumar@gmail.com]]>
              </value>
            </param>
            <param index="1">
              <value>
                <![CDATA[demo]]>
              </value>
            </param>
          </params>
          <reporter-output>
          </reporter-output>
        </test-method> <!-- testAdminLogin -->
      </class> <!-- Flights.TestCases.User_Login_Test_with_Valid_Data -->
    </test> <!-- User Login with Valid Data -->
    <test started-at="2024-07-25T19:39:56 IST" name="User Login with InValid Data" finished-at="2024-07-25T19:39:57 IST" duration-ms="1309">
      <class name="Flights.TestCases.User_Login_Test_with_InValid_Data">
        <test-method signature="testAdminLogin(java.lang.String,java.lang.String)[pri:0, instance:Flights.TestCases.User_Login_Test_with_InValid_Data@69e153c5]" started-at="2024-07-25T19:39:56 IST" name="testAdminLogin" finished-at="2024-07-25T19:39:57 IST" duration-ms="1304" status="PASS">
          <params>
            <param index="0">
              <value>
                <![CDATA[abc@gmail.com]]>
              </value>
            </param>
            <param index="1">
              <value>
                <![CDATA[xyz]]>
              </value>
            </param>
          </params>
          <reporter-output>
          </reporter-output>
        </test-method> <!-- testAdminLogin -->
      </class> <!-- Flights.TestCases.User_Login_Test_with_InValid_Data -->
    </test> <!-- User Login with InValid Data -->
    <test started-at="2024-07-25T19:39:57 IST" name="User Booking Flight Ticket" finished-at="2024-07-25T19:40:21 IST" duration-ms="24261">
      <class name="Flights.TestCases.Test_Booking_Flight_Ticket">
        <test-method signature="flightReservation(java.lang.String,java.lang.String,java.lang.String,java.lang.String,java.lang.String,java.lang.String)[pri:0, instance:Flights.TestCases.Test_Booking_Flight_Ticket@2af004b]" started-at="2024-07-25T19:39:57 IST" name="flightReservation" finished-at="2024-07-25T19:40:21 IST" duration-ms="24253" status="PASS">
          <params>
            <param index="0">
              <value>
                <![CDATA[bottahemanthkumar@gmail.com]]>
              </value>
            </param>
            <param index="1">
              <value>
                <![CDATA[demo]]>
              </value>
            </param>
            <param index="2">
              <value>
                <![CDATA[11-June-2025]]>
              </value>
            </param>
            <param index="3">
              <value>
                <![CDATA[Air India]]>
              </value>
            </param>
            <param index="4">
              <value>
                <![CDATA[Hemanth kumar Botta]]>
              </value>
            </param>
            <param index="5">
              <value>
                <![CDATA[2]]>
              </value>
            </param>
          </params>
          <reporter-output>
          </reporter-output>
        </test-method> <!-- flightReservation -->
      </class> <!-- Flights.TestCases.Test_Booking_Flight_Ticket -->
    </test> <!-- User Booking Flight Ticket -->
    <test started-at="2024-07-25T19:40:21 IST" name="User Cancellation of Flight Ticket" finished-at="2024-07-25T19:40:26 IST" duration-ms="5276">
      <class name="Flights.TestCases.Test_User_Cancellation_of_Flight_Ticket">
        <test-method is-config="true" signature="openApp()[pri:0, instance:Flights.TestCases.Test_User_Cancellation_of_Flight_Ticket@543295b0]" started-at="2024-07-25T19:39:38 IST" name="openApp" finished-at="2024-07-25T19:39:45 IST" duration-ms="7054" status="PASS">
          <reporter-output>
          </reporter-output>
        </test-method> <!-- openApp -->
        <test-method signature="flightBookingCancel(java.lang.String,java.lang.String,java.lang.String)[pri:0, instance:Flights.TestCases.Test_User_Cancellation_of_Flight_Ticket@543295b0]" started-at="2024-07-25T19:40:21 IST" name="flightBookingCancel" finished-at="2024-07-25T19:40:26 IST" duration-ms="5266" status="PASS">
          <params>
            <param index="0">
              <value>
                <![CDATA[bottahemanthkumar@gmail.com]]>
              </value>
            </param>
            <param index="1">
              <value>
                <![CDATA[demo]]>
              </value>
            </param>
            <param index="2">
              <value>
                <![CDATA[10928]]>
              </value>
            </param>
          </params>
          <reporter-output>
          </reporter-output>
        </test-method> <!-- flightBookingCancel -->
        <test-method is-config="true" signature="closeApp()[pri:0, instance:Flights.TestCases.Test_User_Cancellation_of_Flight_Ticket@543295b0]" started-at="2024-07-25T19:40:27 IST" name="closeApp" finished-at="2024-07-25T19:40:27 IST" duration-ms="238" status="PASS">
          <reporter-output>
          </reporter-output>
        </test-method> <!-- closeApp -->
      </class> <!-- Flights.TestCases.Test_User_Cancellation_of_Flight_Ticket -->
    </test> <!-- User Cancellation of Flight Ticket -->
  </suite> <!-- Flights Application -->
</testng-results>
