<?xml version="1.0" encoding="UTF-8"?>
<testng-results ignored="0" total="8" passed="8" failed="0" skipped="0">
  <reporter-output>
  </reporter-output>
  <suite started-at="2024-07-25T18:01:32 IST" name="Flights Test Suite" finished-at="2024-07-25T18:03:22 IST" duration-ms="109768">
    <groups>
      <group name="cucumber">
        <method signature="AbstractTestNGCucumberTests.runScenario(io.cucumber.testng.PickleWrapper,io.cucumber.testng.FeatureWrapper)[pri:0, instance:TestRunners.UserRegisterationTest@793f29ff]" name="runScenario" class="io.cucumber.testng.AbstractTestNGCucumberTests"/>
        <method signature="AbstractTestNGCucumberTests.runScenario(io.cucumber.testng.PickleWrapper,io.cucumber.testng.FeatureWrapper)[pri:0, instance:TestRunners.UserLoginTest@5386659f]" name="runScenario" class="io.cucumber.testng.AbstractTestNGCucumberTests"/>
        <method signature="AbstractTestNGCucumberTests.runScenario(io.cucumber.testng.PickleWrapper,io.cucumber.testng.FeatureWrapper)[pri:0, instance:TestRunners.UserBookingFlightTicketTest@1caa0244]" name="runScenario" class="io.cucumber.testng.AbstractTestNGCucumberTests"/>
        <method signature="AbstractTestNGCucumberTests.runScenario(io.cucumber.testng.PickleWrapper,io.cucumber.testng.FeatureWrapper)[pri:0, instance:TestRunners.UserCancelFlightTicketTest@268f106e]" name="runScenario" class="io.cucumber.testng.AbstractTestNGCucumberTests"/>
      </group> <!-- cucumber -->
    </groups>
    <test started-at="2024-07-25T18:01:32 IST" name="New User Registeration TestCase" finished-at="2024-07-25T18:01:40 IST" duration-ms="7697">
      <class name="TestRunners.UserRegisterationTest">
        <test-method is-config="true" signature="setUpClass(org.testng.ITestContext)[pri:0, instance:TestRunners.UserRegisterationTest@793f29ff]" started-at="2024-07-25T18:01:32 IST" name="setUpClass" finished-at="2024-07-25T18:01:33 IST" duration-ms="555" status="PASS">
          <params>
            <param index="0">
              <value>
                <![CDATA[org.testng.TestRunner@34045582]]>
              </value>
            </param>
          </params>
          <reporter-output>
          </reporter-output>
        </test-method> <!-- setUpClass -->
        <test-method signature="runScenario(io.cucumber.testng.PickleWrapper,io.cucumber.testng.FeatureWrapper)[pri:0, instance:TestRunners.UserRegisterationTest@793f29ff]" started-at="2024-07-25T18:01:33 IST" name="runScenario" description="Runs Cucumber Scenarios" data-provider="scenarios" finished-at="2024-07-25T18:01:40 IST" duration-ms="7058" status="PASS">
          <params>
            <param index="0">
              <value>
                <![CDATA["Check New User Registration"]]>
              </value>
            </param>
            <param index="1">
              <value>
                <![CDATA["New User Registeration"]]>
              </value>
            </param>
          </params>
          <reporter-output>
          </reporter-output>
        </test-method> <!-- runScenario -->
        <test-method is-config="true" signature="tearDownClass()[pri:0, instance:TestRunners.UserRegisterationTest@793f29ff]" started-at="2024-07-25T18:01:40 IST" name="tearDownClass" finished-at="2024-07-25T18:01:40 IST" duration-ms="36" status="PASS">
          <reporter-output>
          </reporter-output>
        </test-method> <!-- tearDownClass -->
      </class> <!-- TestRunners.UserRegisterationTest -->
    </test> <!-- New User Registeration TestCase -->
    <test started-at="2024-07-25T18:01:40 IST" name="User Login TestCase" finished-at="2024-07-25T18:02:21 IST" duration-ms="41337">
      <class name="TestRunners.UserLoginTest">
        <test-method is-config="true" signature="setUpClass(org.testng.ITestContext)[pri:0, instance:TestRunners.UserLoginTest@5386659f]" started-at="2024-07-25T18:01:40 IST" name="setUpClass" finished-at="2024-07-25T18:01:40 IST" duration-ms="28" status="PASS">
          <params>
            <param index="0">
              <value>
                <![CDATA[org.testng.TestRunner@3db65c0d]]>
              </value>
            </param>
          </params>
          <reporter-output>
          </reporter-output>
        </test-method> <!-- setUpClass -->
        <test-method signature="runScenario(io.cucumber.testng.PickleWrapper,io.cucumber.testng.FeatureWrapper)[pri:0, instance:TestRunners.UserLoginTest@5386659f]" started-at="2024-07-25T18:01:40 IST" name="runScenario" description="Runs Cucumber Scenarios" data-provider="scenarios" finished-at="2024-07-25T18:01:47 IST" duration-ms="6591" status="PASS">
          <params>
            <param index="0">
              <value>
                <![CDATA["Check User Login wih Valid Data"]]>
              </value>
            </param>
            <param index="1">
              <value>
                <![CDATA["User Login"]]>
              </value>
            </param>
          </params>
          <reporter-output>
          </reporter-output>
        </test-method> <!-- runScenario -->
        <test-method signature="runScenario(io.cucumber.testng.PickleWrapper,io.cucumber.testng.FeatureWrapper)[pri:0, instance:TestRunners.UserLoginTest@5386659f]" started-at="2024-07-25T18:01:47 IST" name="runScenario" description="Runs Cucumber Scenarios" data-provider="scenarios" finished-at="2024-07-25T18:01:50 IST" duration-ms="3824" status="PASS">
          <params>
            <param index="0">
              <value>
                <![CDATA["Check User Login with InValid Data"]]>
              </value>
            </param>
            <param index="1">
              <value>
                <![CDATA["User Login"]]>
              </value>
            </param>
          </params>
          <reporter-output>
          </reporter-output>
        </test-method> <!-- runScenario -->
        <test-method signature="runScenario(io.cucumber.testng.PickleWrapper,io.cucumber.testng.FeatureWrapper)[pri:0, instance:TestRunners.UserLoginTest@5386659f]" started-at="2024-07-25T18:01:51 IST" name="runScenario" description="Runs Cucumber Scenarios" data-provider="scenarios" finished-at="2024-07-25T18:01:54 IST" duration-ms="3848" status="PASS">
          <params>
            <param index="0">
              <value>
                <![CDATA["Check User Login with InValid Data"]]>
              </value>
            </param>
            <param index="1">
              <value>
                <![CDATA["User Login"]]>
              </value>
            </param>
          </params>
          <reporter-output>
          </reporter-output>
        </test-method> <!-- runScenario -->
        <test-method signature="runScenario(io.cucumber.testng.PickleWrapper,io.cucumber.testng.FeatureWrapper)[pri:0, instance:TestRunners.UserLoginTest@5386659f]" started-at="2024-07-25T18:01:54 IST" name="runScenario" description="Runs Cucumber Scenarios" data-provider="scenarios" finished-at="2024-07-25T18:01:58 IST" duration-ms="3752" status="PASS">
          <params>
            <param index="0">
              <value>
                <![CDATA["Check User Login with InValid Data"]]>
              </value>
            </param>
            <param index="1">
              <value>
                <![CDATA["User Login"]]>
              </value>
            </param>
          </params>
          <reporter-output>
          </reporter-output>
        </test-method> <!-- runScenario -->
        <test-method signature="runScenario(io.cucumber.testng.PickleWrapper,io.cucumber.testng.FeatureWrapper)[pri:0, instance:TestRunners.UserLoginTest@5386659f]" started-at="2024-07-25T18:01:58 IST" name="runScenario" description="Runs Cucumber Scenarios" data-provider="scenarios" finished-at="2024-07-25T18:02:21 IST" duration-ms="23254" status="PASS">
          <params>
            <param index="0">
              <value>
                <![CDATA["Check User Login with InValid Data"]]>
              </value>
            </param>
            <param index="1">
              <value>
                <![CDATA["User Login"]]>
              </value>
            </param>
          </params>
          <reporter-output>
          </reporter-output>
        </test-method> <!-- runScenario -->
        <test-method is-config="true" signature="tearDownClass()[pri:0, instance:TestRunners.UserLoginTest@5386659f]" started-at="2024-07-25T18:02:21 IST" name="tearDownClass" finished-at="2024-07-25T18:02:21 IST" duration-ms="27" status="PASS">
          <reporter-output>
          </reporter-output>
        </test-method> <!-- tearDownClass -->
      </class> <!-- TestRunners.UserLoginTest -->
    </test> <!-- User Login TestCase -->
    <test started-at="2024-07-25T18:02:21 IST" name="User Books Flight Ticket TestCase" finished-at="2024-07-25T18:02:55 IST" duration-ms="34091">
      <class name="TestRunners.UserBookingFlightTicketTest">
        <test-method is-config="true" signature="setUpClass(org.testng.ITestContext)[pri:0, instance:TestRunners.UserBookingFlightTicketTest@1caa0244]" started-at="2024-07-25T18:02:21 IST" name="setUpClass" finished-at="2024-07-25T18:02:21 IST" duration-ms="14" status="PASS">
          <params>
            <param index="0">
              <value>
                <![CDATA[org.testng.TestRunner@1edccfd4]]>
              </value>
            </param>
          </params>
          <reporter-output>
          </reporter-output>
        </test-method> <!-- setUpClass -->
        <test-method signature="runScenario(io.cucumber.testng.PickleWrapper,io.cucumber.testng.FeatureWrapper)[pri:0, instance:TestRunners.UserBookingFlightTicketTest@1caa0244]" started-at="2024-07-25T18:02:21 IST" name="runScenario" description="Runs Cucumber Scenarios" data-provider="scenarios" finished-at="2024-07-25T18:02:55 IST" duration-ms="34049" status="PASS">
          <params>
            <param index="0">
              <value>
                <![CDATA["Check Booking Flight Ticket"]]>
              </value>
            </param>
            <param index="1">
              <value>
                <![CDATA["User Books Flight"]]>
              </value>
            </param>
          </params>
          <reporter-output>
          </reporter-output>
        </test-method> <!-- runScenario -->
        <test-method is-config="true" signature="tearDownClass()[pri:0, instance:TestRunners.UserBookingFlightTicketTest@1caa0244]" started-at="2024-07-25T18:02:55 IST" name="tearDownClass" finished-at="2024-07-25T18:02:55 IST" duration-ms="23" status="PASS">
          <reporter-output>
          </reporter-output>
        </test-method> <!-- tearDownClass -->
      </class> <!-- TestRunners.UserBookingFlightTicketTest -->
    </test> <!-- User Books Flight Ticket TestCase -->
    <test started-at="2024-07-25T18:02:55 IST" name="User Cancel Flight Ticket TestCase" finished-at="2024-07-25T18:03:22 IST" duration-ms="26587">
      <class name="TestRunners.UserCancelFlightTicketTest">
        <test-method is-config="true" signature="setUpClass(org.testng.ITestContext)[pri:0, instance:TestRunners.UserCancelFlightTicketTest@268f106e]" started-at="2024-07-25T18:02:55 IST" name="setUpClass" finished-at="2024-07-25T18:02:56 IST" duration-ms="19" status="PASS">
          <params>
            <param index="0">
              <value>
                <![CDATA[org.testng.TestRunner@8c43966]]>
              </value>
            </param>
          </params>
          <reporter-output>
          </reporter-output>
        </test-method> <!-- setUpClass -->
        <test-method signature="runScenario(io.cucumber.testng.PickleWrapper,io.cucumber.testng.FeatureWrapper)[pri:0, instance:TestRunners.UserCancelFlightTicketTest@268f106e]" started-at="2024-07-25T18:02:56 IST" name="runScenario" description="Runs Cucumber Scenarios" data-provider="scenarios" finished-at="2024-07-25T18:03:22 IST" duration-ms="26543" status="PASS">
          <params>
            <param index="0">
              <value>
                <![CDATA["Check Cancellation of Flight Ticket"]]>
              </value>
            </param>
            <param index="1">
              <value>
                <![CDATA["User Cancel Ticket"]]>
              </value>
            </param>
          </params>
          <reporter-output>
          </reporter-output>
        </test-method> <!-- runScenario -->
        <test-method is-config="true" signature="tearDownClass()[pri:0, instance:TestRunners.UserCancelFlightTicketTest@268f106e]" started-at="2024-07-25T18:03:22 IST" name="tearDownClass" finished-at="2024-07-25T18:03:22 IST" duration-ms="21" status="PASS">
          <reporter-output>
          </reporter-output>
        </test-method> <!-- tearDownClass -->
      </class> <!-- TestRunners.UserCancelFlightTicketTest -->
    </test> <!-- User Cancel Flight Ticket TestCase -->
  </suite> <!-- Flights Test Suite -->
</testng-results>
